<?xml version="1.0" encoding="utf-8"?>
<?AutomationStudio Version=3.0?>
<Transfer xmlns="http://br-automation.co.at/AS/Transfer">
  <OperatingSystem Version="E4.93"/>
  <Hardware Target="SG4"/>
  <Operation Delete="Main.br"/>
  <Operation Delete="MpAxis.br"/>
  <Operation Delete="AsTCP.br"/>
  <Operation Delete="ArEventLog.br"/>
  <Operation Delete="MpCom.br"/>
  <Operation Delete="MpRecipe.br"/>
  <Operation Delete="MpAlarmX.br"/>
  <Operation Delete="MpServer.br"/>
  <Operation Delete="mvLoader.br"/>
  <Operation Delete="AsIecCon.br"/>
  <Operation Delete="dataobj.br"/>
  <Operation Delete="aruser.br"/>
  <Operation Delete="arssl.br"/>
  <Operation Delete="McAcpAx.br"/>
  <Operation Delete="McAxis.br"/>
  <Operation Delete="mcacpdrv.br"/>
  <Operation Delete="McBase.br"/>
  <Operation Delete="arflatprv.br"/>
  <Operation Delete="arcoal.br"/>
  <Operation Delete="MpBase.br"/>
  <Operation Delete="sys_lib.br"/>
  <Operation Delete="AsEPL.br"/>
  <Operation Delete="FileIO.br"/>
  <Operation Delete="astime.br"/>
  <Operation Download="ashwd.br" Memory="SystemROM"/>
  <Operation Download="asfw.br" Memory="SystemROM"/>
  <Operation Download="arconfig.br" Memory="SystemROM"/>
  <Operation Download="sysconf.br" Memory="SystemROM"/>
  <Operation Restart="warm"/>
  <Operation Download="mcdrivelog.br" Memory="UserROM"/>
  <Operation Download="arsvcreg.br" Memory="UserROM"/>
  <Operation Download="powerlnk.br" Memory="UserROM"/>
  <Operation Download="runtime.br" Memory="UserROM"/>
  <Operation Download="astime.br" Memory="UserROM"/>
  <Operation Download="FileIO.br" Memory="UserROM"/>
  <Operation Download="AsEPL.br" Memory="UserROM"/>
  <Operation Download="sys_lib.br" Memory="UserROM"/>
  <Operation Download="MpBase.br" Memory="UserROM"/>
  <Operation Download="arcoal.br" Memory="UserROM"/>
  <Operation Download="arflatprv.br" Memory="UserROM"/>
  <Operation Download="McBase.br" Memory="UserROM"/>
  <Operation Download="mcacpdrv.br" Memory="UserROM"/>
  <Operation Download="McAxis.br" Memory="UserROM"/>
  <Operation Download="McAcpAx.br" Memory="UserROM"/>
  <Operation Restart="warm"/>
  <Operation Download="arssl.br" Memory="UserROM"/>
  <Operation Download="aruser.br" Memory="UserROM"/>
  <Operation Download="dataobj.br" Memory="UserROM"/>
  <Operation Download="AsIecCon.br" Memory="UserROM"/>
  <Operation Download="TCLang.br" Memory="UserROM"/>
  <Operation Download="FWRules.br" Memory="UserROM"/>
  <Operation Download="mvLoader.br" Memory="UserROM"/>
  <Operation Download="TCData.br" Memory="SystemROM"/>
  <Operation Download="udbdef.br" Memory="UserROM"/>
  <Operation Download="iomap.br" Memory="UserROM"/>
  <Operation Download="Role.br" Memory="UserROM"/>
  <Operation Download="Config.br" Memory="UserROM"/>
  <Operation Download="Config_1.br" Memory="UserROM"/>
  <Operation Download="TC.br" Memory="UserROM"/>
  <Operation Download="User.br" Memory="UserROM"/>
  <Operation Download="ashwac.br" Memory="UserROM"/>
  <Operation Download="MpServer.br" Memory="UserROM"/>
  <Operation Download="MpAlarmX.br" Memory="UserROM"/>
  <Operation Download="MpRecipe.br" Memory="UserROM"/>
  <Operation Download="MpCom.br" Memory="UserROM"/>
  <Operation Download="AsMath.br" Memory="UserROM"/>
  <Operation Download="asstring.br" Memory="UserROM"/>
  <Operation Download="AsXml.br" Memory="UserROM"/>
  <Operation Download="standard.br" Memory="UserROM"/>
  <Operation Download="ArEventLog.br" Memory="UserROM"/>
  <Operation Download="AsTCP.br" Memory="UserROM"/>
  <Operation Download="MpAxis.br" Memory="UserROM"/>
  <Operation Download="AsIORTI.br" Memory="UserROM"/>
  <Operation Download="Main.br" Memory="UserROM"/>
</Transfer>